x: 2 y: 1 z: 1 w: 1
--------------------------
2 1
1 1
--------------------------
x: 3 y: 2 z: 2 w: 1
--------------------------
3 2
2 1
--------------------------
x: 13 y: 8 z: 8 w: 5
--------------------------
13 8
8 5
--------------------------
x: 21 y: 13 z: 13 w: 8
--------------------------
21 13
13 8
--------------------------
x: 610 y: 377 z: 377 w: 233
--------------------------
610 377
377 233
--------------------------
x: 987 y: 610 z: 610 w: 377
--------------------------
987 610
610 377
--------------------------
x: 1346269 y: 832040 z: 832040 w: 514229
--------------------------
1346269 832040
832040 514229
--------------------------
x: 2178309 y: 1346269 z: 1346269 w: 832040
--------------------------
2178309 1346269
1346269 832040
--------------------------
x: 6557470319842 y: 4052739537881 z: 4052739537881 w: 2504730781961
--------------------------
470273943 739509517
739509517 730764433
--------------------------
x: 1209783460 y: 470273943 z: 1470273950 w: 739509517
--------------------------
209783453 470273943
470273943 739509517
--------------------------
x: 265166678617370458 y: 446427748064080710 z: 446427748064080710 w: 768031907198340538
--------------------------
761203726 939086502
939086502 822117231
--------------------------
x: 1700290228 y: 761203726 z: 1761203733 w: 939086502
--------------------------
700290221 761203726
761203726 939086502
--------------------------
x: 1069837506104511917 y: 1247899669865269898 z: 1247899669865269898 w: 1461314570714879080
--------------------------
615649431 129972271
129972271 485677160
--------------------------
x: 745621702 y: 615649431 z: 615649431 w: 129972271
--------------------------
745621702 615649431
615649431 129972271
--------------------------
x: 934975944384000565 y: 539058931264479363 z: 539058931264479363 w: 395917013119521202
--------------------------
839169006 491066874
491066874 348102132
--------------------------
x: 1330235880 y: 839169006 z: 839169006 w: 491066874
--------------------------
330235873 839169006
839169006 491066874
--------------------------
x: 813260352447100165 y: 689211809825059482 z: 689211809825059482 w: 945351295371159912
--------------------------
754277743 576847
576847 753700896
--------------------------
x: 754854590 y: 754277743 z: 754277743 w: 576847
--------------------------
754854590 754277743
754277743 576847
--------------------------
x: 1138740365629242149 y: 569805119291606691 z: 569805119291606691 w: 568935246337635458
--------------------------
658059650 302970886
302970886 355088764
--------------------------
x: 961030536 y: 658059650 z: 658059650 w: 302970886
--------------------------
961030536 658059650
658059650 302970886
--------------------------
x: 1356622194082569796 y: 831788333360822300 z: 831788333360822300 w: 524833860721747496
--------------------------
586214508 538304011
538304011 47910497
--------------------------
x: 1124518519 y: 586214508 z: 586214508 w: 538304011
--------------------------
124518512 586214508
586214508 538304011
--------------------------
x: 359152309220376208 y: 388556179211763684 z: 388556179211763684 w: 633418657648370185
--------------------------
706310066 491870452
491870452 214439614
--------------------------
x: 1198180518 y: 706310066 z: 706310066 w: 491870452
--------------------------
198180511 706310066
706310066 491870452
--------------------------
x: 538149424273145477 y: 487389941219893558 z: 487389941219893558 w: 740810450883608660
--------------------------
506099537 808163999
808163999 697935545
--------------------------
x: 1314263536 y: 506099537 z: 1506099544 w: 808163999
--------------------------
314263529 506099537
506099537 808163999
--------------------------
x: 354898307011148210 y: 568060052236854536 z: 568060052236854536 w: 909265790631286370
--------------------------
526860082 260434200
260434200 266425882
--------------------------
x: 787294282 y: 526860082 z: 526860082 w: 260434200
--------------------------
787294282 526860082
526860082 260434200
--------------------------
x: 897413832474942248 y: 552006313940255524 z: 552006313940255524 w: 345407518534686724
--------------------------
193045466 76211354
76211354 116834112
--------------------------
x: 269256820 y: 193045466 z: 193045466 w: 76211354
--------------------------
269256820 193045466
193045466 76211354
--------------------------
x: 109765787059669556 y: 66691064637999084 z: 66691064637999084 w: 43074722421670472
--------------------------
291309054 171161636
171161636 120147418
--------------------------
x: 462470690 y: 291309054 z: 291309054 w: 171161636
--------------------------
462470690 291309054
291309054 171161636
--------------------------
x: 298740104051451016 y: 184582833470879604 z: 184582833470879604 w: 114157270580571412
--------------------------
960270309 178799780
178799780 781470529
--------------------------
x: 1139070089 y: 960270309 z: 960270309 w: 178799780
--------------------------
139070082 960270309
960270309 178799780
--------------------------
x: 941459554054442205 y: 305240990604527358 z: 305240990604527358 w: 954088427675003881
--------------------------
464225376 467840442
467840442 996384941
--------------------------
x: 932065818 y: 464225376 z: 1464225383 w: 467840442
--------------------------
932065818 464225376
464225376 467840442
--------------------------
x: 1084251888806350500 y: 649872009913253760 z: 649872009913253760 w: 434379878893096740
--------------------------
216587333 364149725
364149725 852437615
--------------------------
x: 580737058 y: 216587333 z: 1216587340 w: 364149725
--------------------------
580737058 216587333
216587333 364149725
--------------------------
x: 384165603350548253 y: 204650508316919739 z: 204650508316919739 w: 179515095033628514
--------------------------
661389053 884366197
884366197 777022863
--------------------------
x: 1545755250 y: 661389053 z: 1661389060 w: 884366197
--------------------------
545755243 661389053
661389053 884366197
--------------------------
x: 735284264690225858 y: 945866664876596320 z: 945866664876596320 w: 1219539049824479618
--------------------------
543236045 255529714
255529714 287706331
--------------------------
x: 798765759 y: 543236045 z: 543236045 w: 255529714
--------------------------
798765759 543236045
543236045 255529714
--------------------------
x: 933132138338088106 y: 572731303013924285 z: 572731303013924285 w: 360400835324163821
--------------------------
806163189 4805192
4805192 801357997
--------------------------
x: 810968381 y: 806163189 z: 806163189 w: 4805192
--------------------------
810968381 806163189
806163189 4805192
--------------------------
x: 1307568802280410882 y: 657646625111604297 z: 657646625111604297 w: 649922177168806585
--------------------------
127429331 508077957
508077957 619351381
--------------------------
x: 635507288 y: 127429331 z: 1127429338 w: 508077957
--------------------------
635507288 127429331
127429331 508077957
--------------------------
x: 420107747500222505 y: 145726302711821095 z: 145726302711821095 w: 274381444788401410
--------------------------
559468297 691736988
691736988 867731316
--------------------------
x: 1251205285 y: 559468297 z: 1559468304 w: 691736988
--------------------------
251205278 559468297
559468297 691736988
--------------------------
x: 376108867043137493 y: 527546303728341002 z: 527546303728341002 w: 791504835915392353
--------------------------
410375445 35516902
35516902 374858543
--------------------------
x: 445892347 y: 410375445 z: 410375445 w: 35516902
--------------------------
445892347 410375445
410375445 35516902
--------------------------
x: 367227990972116434 y: 197558534785490805 z: 197558534785490805 w: 169669456186625629
--------------------------
401520518 402581074
402581074 998939451
--------------------------
x: 804101592 y: 401520518 z: 1401520525 w: 402581074
--------------------------
804101592 401520518
401520518 402581074
--------------------------
x: 807798096631922788 y: 484507849113940988 z: 484507849113940988 w: 323290247517981800
--------------------------
977336158 722386073
722386073 254950085
--------------------------
x: 1699722231 y: 977336158 z: 977336158 w: 722386073
--------------------------
699722224 977336158
977336158 722386073
--------------------------
x: 1444797156493707140 y: 1389877859249902926 z: 1389877859249902926 w: 1477027604198562293
--------------------------
380127118 520757983
520757983 859369142
--------------------------
x: 900885101 y: 380127118 z: 1380127125 w: 520757983
--------------------------
900885101 380127118
380127118 520757983
--------------------------
x: 956090591042766125 y: 540405088345551912 z: 540405088345551912 w: 415685502697214213
--------------------------
350132037 562716324
562716324 787415720
--------------------------
x: 912848361 y: 350132037 z: 1350132044 w: 562716324
--------------------------
912848361 350132037
350132037 562716324
--------------------------
x: 955884573514155690 y: 516642468884313345 z: 516642468884313345 w: 439242104629842345
--------------------------
822963728 267816090
267816090 555147638
--------------------------
x: 1090779818 y: 822963728 z: 822963728 w: 267816090
--------------------------
90779811 822963728
822963728 267816090
--------------------------
x: 685510271688853705 y: 295111419532478928 z: 295111419532478928 w: 748994755666546084
--------------------------
890281843 466699009
466699009 423582834
--------------------------
x: 1356980852 y: 890281843 z: 890281843 w: 466699009
--------------------------
356980845 890281843
890281843 466699009
--------------------------
x: 920037083672390674 y: 733307218461090922 z: 733307218461090922 w: 1010409724977058730
--------------------------
232131135 327940431
327940431 904190711
--------------------------
x: 560071566 y: 232131135 z: 1232131142 w: 327940431
--------------------------
560071566 232131135
232131135 327940431
--------------------------
x: 367565022878080581 y: 206135232757226595 z: 206135232757226595 w: 161429790120853986
--------------------------
305125441 314279978
314279978 990845470
--------------------------
x: 191873439317124965 y: 407297709397719958 z: 407297709397719958 w: 1080546649991201384
--------------------------
974010906 546636016
546636016 427374890
--------------------------
x: 1520646922 y: 974010906 z: 974010906 w: 546636016
--------------------------
520646915 974010906
974010906 546636016
--------------------------
x: 1219770455105958061 y: 1039545214581645486 z: 1039545214581645486 w: 1247508178995293092
--------------------------
567564939 304829037
304829037 262735902
--------------------------
x: 415050701780421090 y: 253099805782320117 z: 253099805782320117 w: 161950895998100973
--------------------------
875066204 10621489
10621489 864444715
--------------------------
x: 765853677411546737 y: 18476196091538391 z: 18476196091538391 w: 747377481320008346
--------------------------
50571033 962205026
962205026 88366014
--------------------------
x: 1012776059 y: 50571033 z: 1050571040 w: 962205026
--------------------------
12776052 50571033
50571033 962205026
--------------------------
x: 2720656883393793 y: 49305800269913574 z: 49305800269913574 w: 928395941438347765
--------------------------
864349201 924772981
924772981 939576227
--------------------------
x: 1602304607656964762 y: 1668221495553260868 z: 1668221495553260868 w: 1738008552731181890
--------------------------
440832590 875710487
875710487 565122110
--------------------------
x: 961202229447885269 y: 880925080236938900 z: 880925080236938900 w: 1086231856252629269
--------------------------
719469715 70463382
70463382 649006333
--------------------------
x: 789933097 y: 719469715 z: 719469715 w: 70463382
--------------------------
789933097 719469715
719469715 70463382
--------------------------
x: 1141630968538192634 y: 619029209533133485 z: 619029209533133485 w: 522601759005059149
--------------------------
546775914 199929050
199929050 346846864
--------------------------
x: 746704964 y: 546775914 z: 546775914 w: 199929050
--------------------------
746704964 546775914
546775914 199929050
--------------------------
x: 856532203392776692 y: 517596678228338796 z: 517596678228338796 w: 338935525164437896
--------------------------
397051313 605162078
605162078 791889242
--------------------------
x: 523870885804302053 y: 719501736882273290 z: 719501736882273290 w: 993309712244612648
--------------------------
137205879 845761173
845761173 291444713
--------------------------
x: 734137414986498570 y: 362536027497064416 z: 362536027497064416 w: 800251982489988298
--------------------------
847536707 959312248
959312248 888224466
--------------------------
x: 1638598458875217353 y: 1665136952861746904 z: 1665136952861746904 w: 1709222691163798660
--------------------------
405028224 205788317
205788317 199239907
--------------------------
x: 610816541 y: 405028224 z: 405028224 w: 205788317
--------------------------
610816541 405028224
405028224 205788317
--------------------------
x: 537144708995798857 y: 330748015345512192 z: 330748015345512192 w: 206396693650286665
--------------------------
235785922 30276101
30276101 205509821
--------------------------
x: 266062023 y: 235785922 z: 235785922 w: 30276101
--------------------------
266062023 235785922
235785922 30276101
--------------------------
x: 126384001096242613 y: 69872357791090328 z: 69872357791090328 w: 56511643305152285
--------------------------
211554613 301983829
301983829 909570791
--------------------------
x: 135949587259081010 y: 338561742289091916 z: 338561742289091916 w: 918513256817866922
--------------------------
307433908 919159743
919159743 388274172
--------------------------
x: 1226593651 y: 307433908 z: 1307433915 w: 919159743
--------------------------
226593644 307433908
307433908 919159743
--------------------------
x: 145860287289351200 y: 352243441369646396 z: 352243441369646396 w: 939370240939978513
--------------------------
268329198 903942330
903942330 364386875
--------------------------
x: 889112294465152104 y: 571938841256070090 z: 571938841256070090 w: 949889530638094525
--------------------------
241366088 252498231
252498231 988867864
--------------------------
x: 122012945094553105 y: 310631896596138912 z: 310631896596138912 w: 1041615009110051857
--------------------------
240462497 421715654
421715654 818746850
--------------------------
x: 235666305292122725 y: 446685162493017938 z: 446685162493017938 w: 848190497213570216
--------------------------
642458604 366221825
366221825 276236779
--------------------------
x: 546871482959959441 y: 336446299781333975 z: 336446299781333975 w: 210425183178625466
--------------------------
131859088 426209896
426209896 705649199
--------------------------
x: 199041694536522560 y: 356954319901408152 z: 356954319901408152 w: 679595667497672417
--------------------------
143230709 402727933
402727933 740502783
--------------------------
x: 182704824019095170 y: 355904162556032036 z: 355904162556032036 w: 710534159649197578
--------------------------
740161416 64702916
64702916 675458500
--------------------------
x: 552025389074028112 y: 91594736512875056 z: 91594736512875056 w: 460430652561153056
--------------------------
209850417 871711911
871711911 338138513
--------------------------
x: 803918853294345810 y: 477688477377145230 z: 477688477377145230 w: 874219309753123090
--------------------------
666913881 33325912
33325912 633587969
--------------------------
x: 445884741081113905 y: 43340410208937200 z: 43340410208937200 w: 402544330872176705
--------------------------
959920746 905554337
905554337 54366409
--------------------------
x: 1741476495860706085 y: 918492132173641235 z: 918492132173641235 w: 822984363687064850
--------------------------
670370704 744196360
744196360 926174351
--------------------------
x: 1003225103018705216 y: 1188143018506999800 z: 1188143018506999800 w: 1411627150687520801
--------------------------
996129551 189998730
189998730 806130821
--------------------------
x: 1028373599777074501 y: 342427181809327560 z: 342427181809327560 w: 685946417967746941
--------------------------
578459357 412337307
412337307 166122050
--------------------------
x: 504637282444865698 y: 307018692204650949 z: 307018692204650949 w: 197618590240214749
--------------------------
912404752 55520119
55520119 856884633
--------------------------
x: 835564915085955665 y: 98231157200636815 z: 98231157200636815 w: 737333757885318850
--------------------------
237001302 513018723
513018723 723982586
--------------------------
237001302
