-381276
-841666
-1640264
-1024674
-123966
-1238554
-1614906
-1143666
-209196
-155812
-1762410
-275044
5370
-36382
-369114
-575526
-16
-1177146
-67486
-202714
-795228
179844
-1424908
-32030
-1248712
-552694
102308
-623984
-128912
-1178260
-48002
-459484
15892
114174
105018
-203082
-1968794
-845556
-784680
-1183126
-653600
-1197404
-1042512
-103104
-1008708
-754850
-1644130
124512
-790562
-1322850
-135640
-491696
-1357652
-1455544
89260
-80212
-1336364
10800
-1946936
-719946
-541702
-1395550
-674022
-642248
-589876
-837556
-331400
-1303288
-1053056
-1587074
-757544
-553288
-879210
-28880
-875998
-1356846
-2035126
-3840
-505216
-1291184
-654332
32456
-858018
-851570
-1620872
-549278
-1101786
-411818
2434
-1174140
-405454
-902506
-1699568
-1020052
-1627960
-1885062
-499480
-762982
-592672
-1853470
-1182962
-704518
-545032
-596900
-196436
-484136
-84818
106290
-92528
-1732356
-1188434
78092
-131180
-1207088
-17680
-1736372
-659420
14560
-1027230
-638188
-391774
-882518
10054
-199146
-1192856
-992954
-244724
-748806
-807796
-1388624
-2013830
112130
-57470
-871238
-123378
-577288
-1026598
-1220614
-969674
-1138116
-514500
-1195142
-646338
-15592
28900
-268836
-705080
-1656206
-813164
9662
-594208
-990986
-1296270
-412162
-89238
-126242
55500
-231820
-1010844
-42716
-1691276
-1125552
-510476
-13414
-267230
-158408
-1555504
-128794
-372518
-336908
-638286
-1406064
-1068056
-832178
-1226720
-451188
-845362
-1144292
-651554
-1185786
10148
-628428
-333932
67234
-481022
-218050
173514
-519914
-310380
-1013858
-246
-498374
-1050600
-685498
-1333184
-429458
-1718500
-288880
-1650706
-44362
-607220
-218850
-769554
-668116
-416996
-920986
-67620
-1235968
-477790
-2060948
-1558836
-713816
-1009796
-97444
-1605102
-887738
-1964346
-2046
19412
-817484
-96810
-150564
-1686680
-16014
-136060
-123382
-55182
-914558
-1304344
-1569192
-712512
-1054684
-47576
-615652
-1024642
-982608
-1292896
-388862
-848986
-1568856
-1000958
-24100
-806214
-1835704
19974
-78182
-868496
-379166
-442742
-1657988
-515144
-1672848
-83708
-2078140
-98610
-3902
-770636
-615030
-1287434
-36736
-595130
52280
-990944
-872206
-1601638
-557212
-1663362
-627618
-122172
-76388
-387972
-163602
-778020
-233762
-1983204
-1096334
-434452
-1130768
-1149840
-40896
-569756
-858192
-995022
-801970
-2044750
-1411260
15142
-1019366
-1577586
-162588
-1200668
-1446504
-1667806
5330
-1447218
-1847190
-1151680
-616914
-591720
-1920902
-325038
-539618
-1731446
-33900
-1974726
-1260674
-313754
-1235122
-100446
-797606
-49728
-521802
-1832580
-1049730
-1355246
-4560
-697364
-571872
-212728
-27946
-356046
56598
-707946
-1099872
-574536
-1700886
-933560
-1490156
-1809458
-100896
-454102
-841944
-422978
-2138990
-1166364
-1636756
-183568
51128
-1993424
-1547976
33234
-21404
-18044
-441264
-414190
-811216
-526966
-307766
-1214022
-763058
-1563568
-626306
-1692218
-15632
-15800
-1647576
-118388
-130632
-1110240
-1735030
-750024
-582440
-79190
-391986
-901896
-405440
-93940
-836628
-1365640
-640442
-1219916
-51394
196056
-299976
-972022
-965980
-580988
-1567102
-1179808
-605236
-1632430
-509668
-400640
-254196
-500260
-1698266
-1892100
-206458
-1416566
-45058
-495004
98024
-147348
-599326
-1832146
-900148
-719748
-305530
-912376
-305582
-474360
-594844
-1573654
-450734
-16910
-756616
-426876
-358
-1608288
-524618
-374
30468
-1889136
-663858
-954472
-969918
-733352
-47556
-1204412
-248690
24844
-39948
-272980
-200704
-1436484
-311402
-1684582
-980844
-1364580
-1369252
-984144
-445360
-1173166
-1587800
130208
108352
-618838
93750
116796
-1740398
-369942
-205288
-1126898
-839854
-1544854
18562
-370308
-86960
-1415226
-1174044
-65166
-617952
-1909596
-445524
-385676
-1465738
-438136
-382562
-457934
-12906
-607012
-32488
-995304
-1168588
-722438
95574
-1661540
-1307620
-725562
-82162
-564320
-417472
-1082894
78526
-362962
-1167932
-971146
-1915194
-79822
-1090936
-1708930
-134212
-193776
-1922964
-1218338
-244300
-206196
-1274798
-1272558
-578064
-1853294
-335862
-1339714
-60236
-527712
-1523896
-330994
-1194320
-1142096
-1210372
-1049488
-27960
-672352
-301990
90098
-1153428
-728448
-1556958
-1289738
-328260
-188854
-1210550
-148292
-632846
-1171038
-1343758
-895106
-2035674
-1264314
-924460
-756200
151262
-599694
-630756
-696476
-1131672
-1061680
-48676
-869594
-988328
-1797154
-1132508
-557114
-620466
-398194
-769904
-1368894
-266176
20016
-501314
-450774
-89516
-93904
-1216138
-384706
-180862
-2046858
-781680
32246
-972192
-1674784
-1212074
-907856
-266270
-1665394
-167302
-106708
-1022780
-20634
-16200
-255306
-206036
-1839174
-1492080
-472772
-121852
-1813714
-851980
-65840
-824546
-1512148
-614538
-24058
-1160584
-1660194
-329490
-321706
-1635560
-145430
-419222
-40544
-1751944
-1212724
-804668
-966950
-439544
11046
-1457012
-1914396
11138
-1740292
70916
-569502
-1585546
-2114234
-796304
49262
-1715928
-1162868
-56532
-375394
-1531510
-452276
-100966
-1109528
-176052
-47748
-2010882
-241668
-15110
-42850
-1192192
-1180968
-1257038
-2155830
-422324
109644
-1767384
-382810
-1364048
-768138
-1502548
-1371730
-73968
-945428
-256316
-204348
-961498
-545110
-920908
-1178168
-147066
-965126
-2040738
-81016
-566200
-1094506
-549278
-12244
-1609096
-661864
-42640
-1177728
-2018242
-1104506
-1048682
67604
-322992
-211230
-313126
-581746
-40732
-1217788
15154
-1130870
-850682
-37066
-114006
-423270
-1180886
-1850478
-615592
-290110
-53680
-1076490
-1396
-1607274
-1657680
-910754
-668150
-1512678
-1143288
-971410
-1146706
-1102056
-242328
119282
-458472
-823416
-101516
91126
-131958
-1293674
-1201490
-520494
-349284
-1132448
-711504
80560
-309032
-1503140
-1340334
-1678594
-1125096
-843634
-1270006
-1526000
-1252610
-1431946
-39462
14650
-1065710
-908324
-5900
-281476
-1458368
-1774352
-488112
-78134
-1479266
-642890
-2033096
-21144
-1523066
-483012
215352
-12070
-338092
-1600758
-546960
-1451214
-1956708
-61196
-156808
-245956
-502808
-200234
-698124
-471392
106108
-178510
-899974
-1461168
-675294
-1189984
-720586
-671780
137400
-738776
-254786
-34108
-207646
2502
-1820218
-1541702
-1662068
-446776
-745330
-796858
-103932
-1104396
-1110346
-658182
-1215824
-1353682
-1525160
-1012792
-355550
100382
-28164
-648672
-709878
-1030612
-1733984
-900938
-1724590
-1123576
-783346
29032
-690340
-148778
-1724034
-1099210
-41184
-1704782
-1509466
-1548998
-295062
-2992
-594372
-518032
-765146
-1281902
-720594
-1098144
-988660
-806710
-1258678
-1127804
-388576
76386
19952
-871366
-229904
-1997650
-41048
-362390
-734672
56396
-643042
-950136
-524500
-2040344
-1878250
-719924
-1297662
-1181332
-1277896
-226162
-9682
-728314
-82700
-640828
-1267494
138542
-299532
-186096
-1199800
113206
-332268
-337208
-1107966
-241842
-627914
-467004
-409428
93708
-546218
-656326
-1339534
-95626
-1014058
-167374
-2534
-9748
-932582
-1085444
-169452
-537302
-268786
-1570754
-1071456
-1267076
52008
-1629936
-1261050
-347922
-338338
-139166
-1475400
11762
-106966
-1082754
-1384774
-54076
-22610
-1952574
-660996
-1679584
-1421778
-4716
-672616
-68360
-138542
-688952
-1015980
-1189050
-1207108
-666558
-257248
-188778
-1082000
-787360
20732
-1305282
-1881350
-1458984
-373554
-524236
-558718
-131162
-1783522
-472066
64770
-14016
-2115112
68032
-109352
-1778
-695610
-467856
-709648
-2040438
-1179310
-405792
-1135836
-1170404
-301312
-68902
-94864
-640016
-347008
-31108
-292586
-368876
-1774306
-1740
-1245738
61254
-926574
-753660
-434530
-1792004
-482706
-66606
-867576
-343648
-1145194
-296470
-1238462
-116362
-847394
-1036298
-767266
-309918
-832140
-379306
-1265088
-26986
-782768
-939906
-727704
-676768
-968458
57302
-1138780
-933784
-447372
-456664
-58144
38820
-229486
-1639476
-961154
-431308
-1046380
-556132
-45602
-203754
-249476
-777692
-688024
-46430
-724144
-504842
-229588
-1656070
-67022
-425326
-969582
-1654520
-746552
-4558
-87164
-377906
-138180
-1133088
-586848
-265080
-1703108
-1856920
-1858538
-405396
-747530
-2112732
-541270
-1007304
-476610
-1111620
-849144
-228068
-1960838
-1224584
-1128526
-1571638
-1111100
-1533318
-144606
-588204
-109558
-1186958
-491696
-1453736
-786504
-415354
-507152
-659438
-505658
-951338
-2075118
